{
  "stats": {
    "suites": 1,
    "tests": 3,
    "passes": 3,
    "pending": 0,
    "failures": 0,
    "start": "2021-08-28T17:36:25.214Z",
    "end": "2021-08-28T17:36:52.052Z",
    "duration": 26838,
    "testsRegistered": 3,
    "passPercent": 100,
    "pendingPercent": 0,
    "other": 0,
    "hasOther": false,
    "skipped": 0,
    "hasSkipped": false
  },
  "results": [
    {
      "uuid": "ab196f07-83ce-40dd-8be5-d16cf8785226",
      "title": "",
      "fullFile": "cypress/integration/exercises/cypress.commands.common/commands_WebElement.js",
      "file": "cypress/integration/exercises/cypress.commands.common/commands_WebElement.js",
      "beforeHooks": [],
      "afterHooks": [],
      "tests": [],
      "suites": [
        {
          "uuid": "3231a6c5-cefc-4b9e-bf47-6fe0c53fb61a",
          "title": "WebElement",
          "fullFile": "",
          "file": "",
          "beforeHooks": [],
          "afterHooks": [],
          "tests": [
            {
              "title": "TC01 Verify isDisplayed",
              "fullTitle": "WebElement TC01 Verify isDisplayed",
              "timedOut": null,
              "duration": 2991,
              "state": "passed",
              "speed": "slow",
              "pass": true,
              "fail": false,
              "pending": false,
              "context": null,
              "code": "cy.visit(\"https://automationfc.github.io/basic-form/index.html\");\ncy.get('input#mail').then($status => {\n  if ($status.is(':visible')) {\n    cy.get('input#mail').type('email@gmail.com');\n  }\n});\ncy.get('#under_18').then($status => {\n  if ($status.is(':visible')) {\n    cy.get('#under_18').check();\n  }\n});\ncy.get('#edu').then($status => {\n  if ($status.is(':visible')) {\n    cy.get('#edu').type('education');\n  }\n});\ncy.get('div.figcaption h5').should('not.be.visible');",
              "err": {},
              "uuid": "44344349-8f91-4c8f-8b47-2caf4b4b5306",
              "parentUUID": "3231a6c5-cefc-4b9e-bf47-6fe0c53fb61a",
              "isHook": false,
              "skipped": false
            },
            {
              "title": "TC02 Verify isEnabled/isDisabled",
              "fullTitle": "WebElement TC02 Verify isEnabled/isDisabled",
              "timedOut": null,
              "duration": 382,
              "state": "passed",
              "speed": "slow",
              "pass": true,
              "fail": false,
              "pending": false,
              "context": null,
              "code": "cy.visit(\"https://automationfc.github.io/basic-form/index.html\");\ncy.get('input#mail').then($status => {\n  if ($status.is(':visible')) {\n    console.log('Email is displayed');\n  }\n});\ncy.get('#under_18').then($status => {\n  if ($status.is(':visible')) {\n    console.log('Checkbox Under 18 is displayed');\n  }\n});\ncy.get('#edu').then($status => {\n  if ($status.is(':visible')) {\n    console.log('Education is displayed');\n  }\n});\ncy.get('#job1').then($status => {\n  if ($status.is(':visible')) {\n    console.log('Job Role 1 is displayed');\n  }\n});\ncy.get('#job2').then($status => {\n  if ($status.is(':visible')) {\n    console.log('Job Role 2 is displayed');\n  }\n});\ncy.get('#development').then($status => {\n  if ($status.is(':visible')) {\n    console.log('Interset Development is displayed');\n  }\n});\ncy.get('#slider-1').then($status => {\n  if ($status.is(':visible')) {\n    console.log('Slide 1 is displayed');\n  }\n}); //verify isDisabled\ncy.get('#password').then($status => {\n  if ($status.not(':visible')) {\n    console.log('Password is disabled');\n  }\n});\ncy.get('#radio-disabled').then($status => {\n  if ($status.not(':visible')) {\n    console.log('Age (Radio button is disabled) is disabled');\n  }\n});\ncy.get('#password').then($status => {\n  if ($status.not(':visible')) {\n    console.log('Biography is disabled');\n  }\n});\ncy.get('#bio').then($status => {\n  if ($status.not(':visible')) {\n    console.log('Job Role 3 is disabled');\n  }\n});\ncy.get('#check-disbaled').then($status => {\n  if ($status.not(':visible')) {\n    console.log('Interest (Checkbox is disabled) is disabled');\n  }\n});\ncy.get('#slider-2').then($status => {\n  if ($status.not(':visible')) {\n    console.log('Slide 2 is disabled');\n  }\n});",
              "err": {},
              "uuid": "81aaed35-f192-47bb-951c-fba14f98c221",
              "parentUUID": "3231a6c5-cefc-4b9e-bf47-6fe0c53fb61a",
              "isHook": false,
              "skipped": false
            },
            {
              "title": "TC04 Register function at MailChimp",
              "fullTitle": "WebElement TC04 Register function at MailChimp",
              "timedOut": null,
              "duration": 17821,
              "state": "passed",
              "speed": "slow",
              "pass": true,
              "fail": false,
              "pending": false,
              "context": null,
              "code": "cy.visit(\"https://login.mailchimp.com/signup/\"); //enter Email\ncy.get('input#email').then($status => {\n  if ($status.is(':visible')) {\n    cy.get('input#email').wait(3500).type('emailtesting@gmail.com');\n  }\n}); //enter Username\ncy.get('input[name=\"username\"]').then($status => {\n  if ($status.is(':visible')) {\n    cy.get('input[name=\"username\"]').type('testingCypress');\n  } //enter Pass with One Number\n\n  cy.get('input#new_password').then($status => {\n    if ($status.is(':visible')) {\n      cy.get('input#new_password').type('1');\n      cy.get('#create-account').should('be.disabled');\n      cy.get('input#new_password').type('q');\n      cy.get('#create-account').should('be.disabled');\n      cy.get('input#new_password').type('@');\n      cy.get('#create-account').should('be.disabled');\n      cy.get('input#new_password').type('P');\n      cy.get('#create-account').should('be.disabled');\n      cy.get('input#new_password').type('1235');\n      cy.get('#create-account').should('be.visible');\n    }\n  }); //check newsletter\n  cy.get('input[name=\"marketing_newsletter\"]').check().should('be.checked');\n});",
              "err": {},
              "uuid": "31ec08a5-3c2f-43be-89e6-8118378ab641",
              "parentUUID": "3231a6c5-cefc-4b9e-bf47-6fe0c53fb61a",
              "isHook": false,
              "skipped": false
            }
          ],
          "suites": [],
          "passes": [
            "44344349-8f91-4c8f-8b47-2caf4b4b5306",
            "81aaed35-f192-47bb-951c-fba14f98c221",
            "31ec08a5-3c2f-43be-89e6-8118378ab641"
          ],
          "failures": [],
          "pending": [],
          "skipped": [],
          "duration": 21194,
          "root": false,
          "rootEmpty": false,
          "_timeout": 2000
        }
      ],
      "passes": [],
      "failures": [],
      "pending": [],
      "skipped": [],
      "duration": 0,
      "root": true,
      "rootEmpty": true,
      "_timeout": 2000
    }
  ],
  "meta": {
    "mocha": {
      "version": "7.0.1"
    },
    "mochawesome": {
      "options": {
        "quiet": false,
        "reportFilename": "mochawesome",
        "saveHtml": false,
        "saveJson": true,
        "consoleReporter": "spec",
        "useInlineDiffs": false,
        "code": true
      },
      "version": "6.2.2"
    },
    "marge": {
      "options": {
        "id": "default",
        "reportDir": "cypress/reports/mocha",
        "quite": true,
        "overwrite": false,
        "html": false,
        "json": true
      },
      "version": "5.2.0"
    }
  }
}