{
  "stats": {
    "suites": 1,
    "tests": 5,
    "passes": 5,
    "pending": 0,
    "failures": 0,
    "start": "2021-08-28T17:36:05.629Z",
    "end": "2021-08-28T17:36:18.863Z",
    "duration": 13234,
    "testsRegistered": 5,
    "passPercent": 100,
    "pendingPercent": 0,
    "other": 0,
    "hasOther": false,
    "skipped": 0,
    "hasSkipped": false
  },
  "results": [
    {
      "uuid": "1a34cf17-d519-4d3d-bb4c-583708b3ed55",
      "title": "",
      "fullFile": "cypress/integration/exercises/cypress.commands.common/commands_WebBrowser.js",
      "file": "cypress/integration/exercises/cypress.commands.common/commands_WebBrowser.js",
      "beforeHooks": [],
      "afterHooks": [],
      "tests": [],
      "suites": [
        {
          "uuid": "8348007a-f23e-4572-8e57-940d0a94a81a",
          "title": "TC04 GetPage Source  Code - getPageSource (Test)",
          "fullFile": "",
          "file": "",
          "beforeHooks": [],
          "afterHooks": [],
          "tests": [
            {
              "title": "Step01 - Access to the page http://live.demoguru99.com",
              "fullTitle": "TC04 GetPage Source  Code - getPageSource (Test) Step01 - Access to the page http://live.demoguru99.com",
              "timedOut": null,
              "duration": 5854,
              "state": "passed",
              "speed": "slow",
              "pass": true,
              "fail": false,
              "pending": false,
              "context": null,
              "code": "cy.visit(\"http://live.demoguru99.com\");\ncy.viewport(1280, 720);",
              "err": {},
              "uuid": "2649bb2c-6ff0-41f4-b3b4-9eabd4daa809",
              "parentUUID": "8348007a-f23e-4572-8e57-940d0a94a81a",
              "isHook": false,
              "skipped": false
            },
            {
              "title": "Step02 - Click MY ACCOUNT link at footer",
              "fullTitle": "TC04 GetPage Source  Code - getPageSource (Test) Step02 - Click MY ACCOUNT link at footer",
              "timedOut": null,
              "duration": 2095,
              "state": "passed",
              "speed": "slow",
              "pass": true,
              "fail": false,
              "pending": false,
              "context": null,
              "code": "cy.get('div.footer li.first a[title=\"My Account\"]').click();",
              "err": {},
              "uuid": "9f7d5a14-74ad-4e13-87d7-4caacc36dba7",
              "parentUUID": "8348007a-f23e-4572-8e57-940d0a94a81a",
              "isHook": false,
              "skipped": false
            },
            {
              "title": "Step03 -Verify LoginPage contains the \"Login or Create an Account\"",
              "fullTitle": "TC04 GetPage Source  Code - getPageSource (Test) Step03 -Verify LoginPage contains the \"Login or Create an Account\"",
              "timedOut": null,
              "duration": 72,
              "state": "passed",
              "speed": "medium",
              "pass": true,
              "fail": false,
              "pending": false,
              "context": null,
              "code": "cy.document().contains('Login or Create an Account');",
              "err": {},
              "uuid": "368527e4-8f67-46e7-bb3e-76be8a935d75",
              "parentUUID": "8348007a-f23e-4572-8e57-940d0a94a81a",
              "isHook": false,
              "skipped": false
            },
            {
              "title": "Step04 - Click CREATE AN ACCOUNT button",
              "fullTitle": "TC04 GetPage Source  Code - getPageSource (Test) Step04 - Click CREATE AN ACCOUNT button",
              "timedOut": null,
              "duration": 1207,
              "state": "passed",
              "speed": "slow",
              "pass": true,
              "fail": false,
              "pending": false,
              "context": null,
              "code": "cy.get('a[title=\"Create an Account\"]').click();",
              "err": {},
              "uuid": "dd0c878d-1f87-4ca2-89b9-8953b1b7bb4a",
              "parentUUID": "8348007a-f23e-4572-8e57-940d0a94a81a",
              "isHook": false,
              "skipped": false
            },
            {
              "title": "Step05 -Verify RegisterPage contains the \"Create an Account\"",
              "fullTitle": "TC04 GetPage Source  Code - getPageSource (Test) Step05 -Verify RegisterPage contains the \"Create an Account\"",
              "timedOut": null,
              "duration": 69,
              "state": "passed",
              "speed": "medium",
              "pass": true,
              "fail": false,
              "pending": false,
              "context": null,
              "code": "cy.document().contains('Create an Account');",
              "err": {},
              "uuid": "2d99bfb7-b01f-41d0-94ac-8e7865f0c12d",
              "parentUUID": "8348007a-f23e-4572-8e57-940d0a94a81a",
              "isHook": false,
              "skipped": false
            }
          ],
          "suites": [],
          "passes": [
            "2649bb2c-6ff0-41f4-b3b4-9eabd4daa809",
            "9f7d5a14-74ad-4e13-87d7-4caacc36dba7",
            "368527e4-8f67-46e7-bb3e-76be8a935d75",
            "dd0c878d-1f87-4ca2-89b9-8953b1b7bb4a",
            "2d99bfb7-b01f-41d0-94ac-8e7865f0c12d"
          ],
          "failures": [],
          "pending": [],
          "skipped": [],
          "duration": 9297,
          "root": false,
          "rootEmpty": false,
          "_timeout": 2000
        }
      ],
      "passes": [],
      "failures": [],
      "pending": [],
      "skipped": [],
      "duration": 0,
      "root": true,
      "rootEmpty": true,
      "_timeout": 2000
    }
  ],
  "meta": {
    "mocha": {
      "version": "7.0.1"
    },
    "mochawesome": {
      "options": {
        "quiet": false,
        "reportFilename": "mochawesome",
        "saveHtml": false,
        "saveJson": true,
        "consoleReporter": "spec",
        "useInlineDiffs": false,
        "code": true
      },
      "version": "6.2.2"
    },
    "marge": {
      "options": {
        "id": "default",
        "reportDir": "cypress/reports/mocha",
        "quite": true,
        "overwrite": false,
        "html": false,
        "json": true
      },
      "version": "5.2.0"
    }
  }
}