{
  "stats": {
    "suites": 1,
    "tests": 1,
    "passes": 1,
    "pending": 0,
    "failures": 0,
    "start": "2021-08-28T17:37:00.089Z",
    "end": "2021-08-28T17:37:05.185Z",
    "duration": 5096,
    "testsRegistered": 1,
    "passPercent": 100,
    "pendingPercent": 0,
    "other": 0,
    "hasOther": false,
    "skipped": 0,
    "hasSkipped": false
  },
  "results": [
    {
      "uuid": "3f40174e-ae2f-4356-9736-5ac40a31f34e",
      "title": "",
      "fullFile": "cypress/integration/sample_spec.js",
      "file": "cypress/integration/sample_spec.js",
      "beforeHooks": [],
      "afterHooks": [],
      "tests": [],
      "suites": [
        {
          "uuid": "93f1689e-f239-47f1-b9b1-30edea82eb5e",
          "title": "My First Test",
          "fullFile": "",
          "file": "",
          "beforeHooks": [],
          "afterHooks": [],
          "tests": [
            {
              "title": "Visit the Kitchen Sink!",
              "fullTitle": "My First Test Visit the Kitchen Sink!",
              "timedOut": null,
              "duration": 2643,
              "state": "passed",
              "speed": "slow",
              "pass": true,
              "fail": false,
              "pending": false,
              "context": null,
              "code": "cy.visit(Cypress.env(\"URL\"));\ncy.viewport(1280, 720);",
              "err": {},
              "uuid": "f525d770-824d-4137-a07d-6143b90c488c",
              "parentUUID": "93f1689e-f239-47f1-b9b1-30edea82eb5e",
              "isHook": false,
              "skipped": false
            }
          ],
          "suites": [],
          "passes": [
            "f525d770-824d-4137-a07d-6143b90c488c"
          ],
          "failures": [],
          "pending": [],
          "skipped": [],
          "duration": 2643,
          "root": false,
          "rootEmpty": false,
          "_timeout": 2000
        }
      ],
      "passes": [],
      "failures": [],
      "pending": [],
      "skipped": [],
      "duration": 0,
      "root": true,
      "rootEmpty": true,
      "_timeout": 2000
    }
  ],
  "meta": {
    "mocha": {
      "version": "7.0.1"
    },
    "mochawesome": {
      "options": {
        "quiet": false,
        "reportFilename": "mochawesome",
        "saveHtml": false,
        "saveJson": true,
        "consoleReporter": "spec",
        "useInlineDiffs": false,
        "code": true
      },
      "version": "6.2.2"
    },
    "marge": {
      "options": {
        "id": "default",
        "reportDir": "cypress/reports/mocha",
        "quite": true,
        "overwrite": false,
        "html": false,
        "json": true
      },
      "version": "5.2.0"
    }
  }
}